<?xml version="1.0" encoding="UTF-8" ?>
<testsuite tests="1" failures="0" name="MyTest" time="3.521" errors="1" skipped="0">
  <properties>
[...]
</properties>
  <testcase classname="MyTest" name="test" time="3.521">
    <error message="nested exception is org.apache.ibatis.exceptions.PersistenceException: 
### Error querying database.  Cause: org.springframework.jdbc.CannotGetJdbcConnectionException: Failed to obtain JDBC Connection; nested exception is java.sql.SQLException: Connections could not be acquired from the underlying database!
### The error may exist in nuc/ss/dao/BookMapper.xml
### The error may involve nuc.ss.dao.BookMapper.queryAllBooks
### The error occurred while executing a query
### Cause: org.springframework.jdbc.CannotGetJdbcConnectionException: Failed to obtain JDBC Connection; nested exception is java.sql.SQLException: Connections could not be acquired from the underlying database!" type="org.mybatis.spring.MyBatisSystemException">org.mybatis.spring.MyBatisSystemException: nested exception is org.apache.ibatis.exceptions.PersistenceException: 
### Error querying database.  Cause: org.springframework.jdbc.CannotGetJdbcConnectionException: Failed to obtain JDBC Connection; nested exception is java.sql.SQLException: Connections could not be acquired from the underlying database!
### The error may exist in nuc/ss/dao/BookMapper.xml
### The error may involve nuc.ss.dao.BookMapper.queryAllBooks
### The error occurred while executing a query
### Cause: org.springframework.jdbc.CannotGetJdbcConnectionException: Failed to obtain JDBC Connection; nested exception is java.sql.SQLException: Connections could not be acquired from the underlying database!
	at org.mybatis.spring.MyBatisExceptionTranslator.translateExceptionIfPossible(MyBatisExceptionTranslator.java:78)
	at org.mybatis.spring.SqlSessionTemplate$SqlSessionInterceptor.invoke(SqlSessionTemplate.java:440)
	at com.sun.proxy.$Proxy16.selectList(Unknown Source)
	at org.mybatis.spring.SqlSessionTemplate.selectList(SqlSessionTemplate.java:223)
	at org.apache.ibatis.binding.MapperMethod.executeForMany(MapperMethod.java:147)
	at org.apache.ibatis.binding.MapperMethod.execute(MapperMethod.java:80)
	at org.apache.ibatis.binding.MapperProxy.invoke(MapperProxy.java:57)
	at com.sun.proxy.$Proxy17.queryAllBooks(Unknown Source)
	at nuc.ss.service.BookServiceImpl.queryAllBooks(BookServiceImpl.java:36)
	at MyTest.test(MyTest.java:18)
	at sun.reflect.NativeMethodAccessorImpl.invoke0(Native Method)
	at sun.reflect.NativeMethodAccessorImpl.invoke(NativeMethodAccessorImpl.java:62)
	at sun.reflect.DelegatingMethodAccessorImpl.invoke(DelegatingMethodAccessorImpl.java:43)
	at java.lang.reflect.Method.invoke(Method.java:498)
	at org.junit.runners.model.FrameworkMethod$1.runReflectiveCall(FrameworkMethod.java:50)
	at org.junit.internal.runners.model.ReflectiveCallable.run(ReflectiveCallable.java:12)
	at org.junit.runners.model.FrameworkMethod.invokeExplosively(FrameworkMethod.java:47)
	at org.junit.internal.runners.statements.InvokeMethod.evaluate(InvokeMethod.java:17)
	at org.junit.runners.ParentRunner.runLeaf(ParentRunner.java:325)
	at org.junit.runners.BlockJUnit4ClassRunner.runChild(BlockJUnit4ClassRunner.java:78)
	at org.junit.runners.BlockJUnit4ClassRunner.runChild(BlockJUnit4ClassRunner.java:57)
	at org.junit.runners.ParentRunner$3.run(ParentRunner.java:290)
	at org.junit.runners.ParentRunner$1.schedule(ParentRunner.java:71)
	at org.junit.runners.ParentRunner.runChildren(ParentRunner.java:288)
	at org.junit.runners.ParentRunner.access$000(ParentRunner.java:58)
	at org.junit.runners.ParentRunner$2.evaluate(ParentRunner.java:268)
	at org.junit.runners.ParentRunner.run(ParentRunner.java:363)
	at org.apache.maven.surefire.junit4.JUnit4Provider.execute(JUnit4Provider.java:252)
	at org.apache.maven.surefire.junit4.JUnit4Provider.executeTestSet(JUnit4Provider.java:141)
	at org.apache.maven.surefire.junit4.JUnit4Provider.invoke(JUnit4Provider.java:112)
	at sun.reflect.NativeMethodAccessorImpl.invoke0(Native Method)
	at sun.reflect.NativeMethodAccessorImpl.invoke(NativeMethodAccessorImpl.java:62)
	at sun.reflect.DelegatingMethodAccessorImpl.invoke(DelegatingMethodAccessorImpl.java:43)
	at java.lang.reflect.Method.invoke(Method.java:498)
	at org.apache.maven.surefire.util.ReflectionUtils.invokeMethodWithArray(ReflectionUtils.java:189)
	at org.apache.maven.surefire.booter.ProviderFactory$ProviderProxy.invoke(ProviderFactory.java:165)
	at org.apache.maven.surefire.booter.ProviderFactory.invokeProvider(ProviderFactory.java:85)
	at org.apache.maven.surefire.booter.ForkedBooter.runSuitesInProcess(ForkedBooter.java:115)
	at org.apache.maven.surefire.booter.ForkedBooter.main(ForkedBooter.java:75)
Caused by: org.apache.ibatis.exceptions.PersistenceException: 
### Error querying database.  Cause: org.springframework.jdbc.CannotGetJdbcConnectionException: Failed to obtain JDBC Connection; nested exception is java.sql.SQLException: Connections could not be acquired from the underlying database!
### The error may exist in nuc/ss/dao/BookMapper.xml
### The error may involve nuc.ss.dao.BookMapper.queryAllBooks
### The error occurred while executing a query
### Cause: org.springframework.jdbc.CannotGetJdbcConnectionException: Failed to obtain JDBC Connection; nested exception is java.sql.SQLException: Connections could not be acquired from the underlying database!
	at org.apache.ibatis.exceptions.ExceptionFactory.wrapException(ExceptionFactory.java:30)
	at org.apache.ibatis.session.defaults.DefaultSqlSession.selectList(DefaultSqlSession.java:149)
	at org.apache.ibatis.session.defaults.DefaultSqlSession.selectList(DefaultSqlSession.java:140)
	at sun.reflect.NativeMethodAccessorImpl.invoke0(Native Method)
	at sun.reflect.NativeMethodAccessorImpl.invoke(NativeMethodAccessorImpl.java:62)
	at sun.reflect.DelegatingMethodAccessorImpl.invoke(DelegatingMethodAccessorImpl.java:43)
	at java.lang.reflect.Method.invoke(Method.java:498)
	at org.mybatis.spring.SqlSessionTemplate$SqlSessionInterceptor.invoke(SqlSessionTemplate.java:426)
	... 37 more
Caused by: org.springframework.jdbc.CannotGetJdbcConnectionException: Failed to obtain JDBC Connection; nested exception is java.sql.SQLException: Connections could not be acquired from the underlying database!
	at org.springframework.jdbc.datasource.DataSourceUtils.getConnection(DataSourceUtils.java:81)
	at org.mybatis.spring.transaction.SpringManagedTransaction.openConnection(SpringManagedTransaction.java:80)
	at org.mybatis.spring.transaction.SpringManagedTransaction.getConnection(SpringManagedTransaction.java:67)
	at org.apache.ibatis.executor.BaseExecutor.getConnection(BaseExecutor.java:336)
	at org.apache.ibatis.executor.SimpleExecutor.prepareStatement(SimpleExecutor.java:85)
	at org.apache.ibatis.executor.SimpleExecutor.doQuery(SimpleExecutor.java:62)
	at org.apache.ibatis.executor.BaseExecutor.queryFromDatabase(BaseExecutor.java:324)
	at org.apache.ibatis.executor.BaseExecutor.query(BaseExecutor.java:156)
	at org.apache.ibatis.executor.CachingExecutor.query(CachingExecutor.java:109)
	at org.apache.ibatis.executor.CachingExecutor.query(CachingExecutor.java:83)
	at org.apache.ibatis.session.defaults.DefaultSqlSession.selectList(DefaultSqlSession.java:147)
	... 43 more
Caused by: java.sql.SQLException: Connections could not be acquired from the underlying database!
	at com.mchange.v2.sql.SqlUtils.toSQLException(SqlUtils.java:118)
	at com.mchange.v2.c3p0.impl.C3P0PooledConnectionPool.checkoutPooledConnection(C3P0PooledConnectionPool.java:692)
	at com.mchange.v2.c3p0.impl.AbstractPoolBackedDataSource.getConnection(AbstractPoolBackedDataSource.java:140)
	at org.springframework.jdbc.datasource.DataSourceUtils.fetchConnection(DataSourceUtils.java:157)
	at org.springframework.jdbc.datasource.DataSourceUtils.doGetConnection(DataSourceUtils.java:115)
	at org.springframework.jdbc.datasource.DataSourceUtils.getConnection(DataSourceUtils.java:78)
	... 53 more
Caused by: com.mchange.v2.resourcepool.CannotAcquireResourceException: A ResourcePool could not acquire a resource from its primary factory or source.
	at com.mchange.v2.resourcepool.BasicResourcePool.awaitAvailable(BasicResourcePool.java:1469)
	at com.mchange.v2.resourcepool.BasicResourcePool.prelimCheckoutResource(BasicResourcePool.java:644)
	at com.mchange.v2.resourcepool.BasicResourcePool.checkoutResource(BasicResourcePool.java:554)
	at com.mchange.v2.c3p0.impl.C3P0PooledConnectionPool.checkoutAndMarkConnectionInUse(C3P0PooledConnectionPool.java:758)
	at com.mchange.v2.c3p0.impl.C3P0PooledConnectionPool.checkoutPooledConnection(C3P0PooledConnectionPool.java:685)
	... 57 more
Caused by: com.mysql.jdbc.exceptions.jdbc4.CommunicationsException: Communications link failure

The last packet successfully received from the server was 11 milliseconds ago.  The last packet sent successfully to the server was 11 milliseconds ago.
	at sun.reflect.GeneratedConstructorAccessor27.newInstance(Unknown Source)
	at sun.reflect.DelegatingConstructorAccessorImpl.newInstance(DelegatingConstructorAccessorImpl.java:45)
	at java.lang.reflect.Constructor.newInstance(Constructor.java:423)
	at com.mysql.jdbc.Util.handleNewInstance(Util.java:425)
	at com.mysql.jdbc.SQLError.createCommunicationsException(SQLError.java:990)
	at com.mysql.jdbc.ExportControlled.transformSocketToSSLSocket(ExportControlled.java:201)
	at com.mysql.jdbc.MysqlIO.negotiateSSLConnection(MysqlIO.java:4914)
	at com.mysql.jdbc.MysqlIO.proceedHandshakeWithPluggableAuthentication(MysqlIO.java:1663)
	at com.mysql.jdbc.MysqlIO.doHandshake(MysqlIO.java:1224)
	at com.mysql.jdbc.ConnectionImpl.coreConnect(ConnectionImpl.java:2199)
	at com.mysql.jdbc.ConnectionImpl.connectOneTryOnly(ConnectionImpl.java:2230)
	at com.mysql.jdbc.ConnectionImpl.createNewIO(ConnectionImpl.java:2025)
	at com.mysql.jdbc.ConnectionImpl.&lt;init&gt;(ConnectionImpl.java:778)
	at com.mysql.jdbc.JDBC4Connection.&lt;init&gt;(JDBC4Connection.java:47)
	at sun.reflect.NativeConstructorAccessorImpl.newInstance0(Native Method)
	at sun.reflect.NativeConstructorAccessorImpl.newInstance(NativeConstructorAccessorImpl.java:62)
	at sun.reflect.DelegatingConstructorAccessorImpl.newInstance(DelegatingConstructorAccessorImpl.java:45)
	at java.lang.reflect.Constructor.newInstance(Constructor.java:423)
	at com.mysql.jdbc.Util.handleNewInstance(Util.java:425)
	at com.mysql.jdbc.ConnectionImpl.getInstance(ConnectionImpl.java:386)
	at com.mysql.jdbc.NonRegisteringDriver.connect(NonRegisteringDriver.java:330)
	at com.mchange.v2.c3p0.DriverManagerDataSource.getConnection(DriverManagerDataSource.java:175)
	at com.mchange.v2.c3p0.WrapperConnectionPoolDataSource.getPooledConnection(WrapperConnectionPoolDataSource.java:220)
	at com.mchange.v2.c3p0.WrapperConnectionPoolDataSource.getPooledConnection(WrapperConnectionPoolDataSource.java:206)
	at com.mchange.v2.c3p0.impl.C3P0PooledConnectionPool$1PooledConnectionResourcePoolManager.acquireResource(C3P0PooledConnectionPool.java:203)
	at com.mchange.v2.resourcepool.BasicResourcePool.doAcquire(BasicResourcePool.java:1138)
	at com.mchange.v2.resourcepool.BasicResourcePool.doAcquireAndDecrementPendingAcquiresWithinLockOnSuccess(BasicResourcePool.java:1125)
	at com.mchange.v2.resourcepool.BasicResourcePool.access$700(BasicResourcePool.java:44)
	at com.mchange.v2.resourcepool.BasicResourcePool$ScatteredAcquireTask.run(BasicResourcePool.java:1870)
	at com.mchange.v2.async.ThreadPoolAsynchronousRunner$PoolThread.run(ThreadPoolAsynchronousRunner.java:696)
Caused by: javax.net.ssl.SSLHandshakeException: java.security.cert.CertificateException: java.security.cert.CertPathValidatorException: Path does not chain with any of the trust anchors
	at sun.security.ssl.Alert.createSSLException(Alert.java:131)
	at sun.security.ssl.TransportContext.fatal(TransportContext.java:370)
	at sun.security.ssl.TransportContext.fatal(TransportContext.java:313)
	at sun.security.ssl.TransportContext.fatal(TransportContext.java:308)
	at sun.security.ssl.CertificateMessage$T12CertificateConsumer.checkServerCerts(CertificateMessage.java:652)
	at sun.security.ssl.CertificateMessage$T12CertificateConsumer.onCertificate(CertificateMessage.java:471)
	at sun.security.ssl.CertificateMessage$T12CertificateConsumer.consume(CertificateMessage.java:367)
	at sun.security.ssl.SSLHandshake.consume(SSLHandshake.java:376)
	at sun.security.ssl.HandshakeContext.dispatch(HandshakeContext.java:479)
	at sun.security.ssl.HandshakeContext.dispatch(HandshakeContext.java:457)
	at sun.security.ssl.TransportContext.dispatch(TransportContext.java:200)
	at sun.security.ssl.SSLTransport.decode(SSLTransport.java:154)
	at sun.security.ssl.SSLSocketImpl.decode(SSLSocketImpl.java:1290)
	at sun.security.ssl.SSLSocketImpl.readHandshakeRecord(SSLSocketImpl.java:1199)
	at sun.security.ssl.SSLSocketImpl.startHandshake(SSLSocketImpl.java:401)
	at sun.security.ssl.SSLSocketImpl.startHandshake(SSLSocketImpl.java:373)
	at com.mysql.jdbc.ExportControlled.transformSocketToSSLSocket(ExportControlled.java:186)
	... 24 more
Caused by: java.security.cert.CertificateException: java.security.cert.CertPathValidatorException: Path does not chain with any of the trust anchors
	at com.mysql.jdbc.ExportControlled$X509TrustManagerWrapper.checkServerTrusted(ExportControlled.java:302)
	at sun.security.ssl.AbstractTrustManagerWrapper.checkServerTrusted(SSLContextImpl.java:1255)
	at sun.security.ssl.CertificateMessage$T12CertificateConsumer.checkServerCerts(CertificateMessage.java:636)
	... 36 more
Caused by: java.security.cert.CertPathValidatorException: Path does not chain with any of the trust anchors
	at sun.security.provider.certpath.PKIXCertPathValidator.validate(PKIXCertPathValidator.java:158)
	at sun.security.provider.certpath.PKIXCertPathValidator.engineValidate(PKIXCertPathValidator.java:84)
	at java.security.cert.CertPathValidator.validate(CertPathValidator.java:292)
	at com.mysql.jdbc.ExportControlled$X509TrustManagerWrapper.checkServerTrusted(ExportControlled.java:295)
	... 38 more
</error>
    <system-out>Logging initialized using &apos;class org.apache.ibatis.logging.stdout.StdOutImpl&apos; adapter.
Class not found: org.jboss.vfs.VFS
JBoss 6 VFS API is not available in this environment.
Class not found: org.jboss.vfs.VirtualFile
VFS implementation org.apache.ibatis.io.JBoss6VFS is not valid in this environment.
Using VFS adapter org.apache.ibatis.io.DefaultVFS
Find JAR URL: file:/E:/%e5%ad%a6%e4%b9%a0%e7%ac%94%e8%ae%b0/study/SpringMVC/code/ssmbuild/target/classes/nuc/ss/pojo
Not a JAR: file:/E:/%e5%ad%a6%e4%b9%a0%e7%ac%94%e8%ae%b0/study/SpringMVC/code/ssmbuild/target/classes/nuc/ss/pojo
Reader entry: Books.class
Listing file:/E:/%e5%ad%a6%e4%b9%a0%e7%ac%94%e8%ae%b0/study/SpringMVC/code/ssmbuild/target/classes/nuc/ss/pojo
Find JAR URL: file:/E:/%e5%ad%a6%e4%b9%a0%e7%ac%94%e8%ae%b0/study/SpringMVC/code/ssmbuild/target/classes/nuc/ss/pojo/Books.class
Not a JAR: file:/E:/%e5%ad%a6%e4%b9%a0%e7%ac%94%e8%ae%b0/study/SpringMVC/code/ssmbuild/target/classes/nuc/ss/pojo/Books.class
Reader entry: ����&amp;#0;&amp;#0;&amp;#0;1&amp;#0;b	&amp;#0;&amp;#5;&amp;#0;H	&amp;#0;&amp;#5;&amp;#0;I	&amp;#0;&amp;#5;&amp;#0;J	&amp;#0;&amp;#5;&amp;#0;K&amp;#7;&amp;#0;L
Checking to see if class nuc.ss.pojo.Books matches criteria [is assignable to Object]
Creating a new SqlSession
SqlSession [org.apache.ibatis.session.defaults.DefaultSqlSession@1b835480] was not registered for synchronization because synchronization is not active
Closing non transactional SqlSession [org.apache.ibatis.session.defaults.DefaultSqlSession@1b835480]
</system-out>
    <system-err>���� 23, 2021 9:04:00 ���� com.mchange.v2.log.MLog 
��Ϣ: MLog clients using java 1.4+ standard logging.
���� 23, 2021 9:04:00 ���� com.mchange.v2.c3p0.C3P0Registry 
��Ϣ: Initializing c3p0-0.9.5.2 [built 08-December-2015 22:06:04 -0800; debug? true; trace: 10]
���� 23, 2021 9:04:00 ���� com.mchange.v2.c3p0.impl.AbstractPoolBackedDataSource 
��Ϣ: Initializing c3p0 pool... com.mchange.v2.c3p0.ComboPooledDataSource [ acquireIncrement -&gt; 3, acquireRetryAttempts -&gt; 2, acquireRetryDelay -&gt; 1000, autoCommitOnClose -&gt; false, automaticTestTable -&gt; null, breakAfterAcquireFailure -&gt; false, checkoutTimeout -&gt; 10000, connectionCustomizerClassName -&gt; null, connectionTesterClassName -&gt; com.mchange.v2.c3p0.impl.DefaultConnectionTester, contextClassLoaderSource -&gt; caller, dataSourceName -&gt; 2vwyttak57cfa71h2i3e2|394df057, debugUnreturnedConnectionStackTraces -&gt; false, description -&gt; null, driverClass -&gt; com.mysql.jdbc.Driver, extensions -&gt; {}, factoryClassLocation -&gt; null, forceIgnoreUnresolvedTransactions -&gt; false, forceSynchronousCheckins -&gt; false, forceUseNamedDriverClass -&gt; false, identityToken -&gt; 2vwyttak57cfa71h2i3e2|394df057, idleConnectionTestPeriod -&gt; 0, initialPoolSize -&gt; 3, jdbcUrl -&gt; jdbc:mysql://localhost:3306/ssmbuild?useSSL=true&amp;useUnicode=true&amp;characterEncoding=utf8, maxAdministrativeTaskTime -&gt; 0, maxConnectionAge -&gt; 0, maxIdleTime -&gt; 0, maxIdleTimeExcessConnections -&gt; 0, maxPoolSize -&gt; 30, maxStatements -&gt; 0, maxStatementsPerConnection -&gt; 0, minPoolSize -&gt; 10, numHelperThreads -&gt; 3, preferredTestQuery -&gt; null, privilegeSpawnedThreads -&gt; false, properties -&gt; {user=******, password=******}, propertyCycle -&gt; 0, statementCacheNumDeferredCloseThreads -&gt; 0, testConnectionOnCheckin -&gt; false, testConnectionOnCheckout -&gt; false, unreturnedConnectionTimeout -&gt; 0, userOverrides -&gt; {}, usesTraditionalReflectiveProxies -&gt; false ]
���� 23, 2021 9:04:00 ���� com.mchange.v2.resourcepool.BasicResourcePool 
����: Bad pool size config, start 3 &lt; min 10. Using 10 as start.
���� 23, 2021 9:04:03 ���� com.mchange.v2.resourcepool.BasicResourcePool 
����: com.mchange.v2.resourcepool.BasicResourcePool$ScatteredAcquireTask@6a6e6498 -- Acquisition Attempt Failed!!! Clearing pending acquires. While trying to acquire a needed new resource, we failed to succeed more than the maximum number of allowed acquisition attempts (2). Last acquisition attempt exception: 
com.mysql.jdbc.exceptions.jdbc4.CommunicationsException: Communications link failure

The last packet successfully received from the server was 11 milliseconds ago.  The last packet sent successfully to the server was 11 milliseconds ago.
	at sun.reflect.GeneratedConstructorAccessor27.newInstance(Unknown Source)
	at sun.reflect.DelegatingConstructorAccessorImpl.newInstance(DelegatingConstructorAccessorImpl.java:45)
	at java.lang.reflect.Constructor.newInstance(Constructor.java:423)
	at com.mysql.jdbc.Util.handleNewInstance(Util.java:425)
	at com.mysql.jdbc.SQLError.createCommunicationsException(SQLError.java:990)
	at com.mysql.jdbc.ExportControlled.transformSocketToSSLSocket(ExportControlled.java:201)
	at com.mysql.jdbc.MysqlIO.negotiateSSLConnection(MysqlIO.java:4914)
	at com.mysql.jdbc.MysqlIO.proceedHandshakeWithPluggableAuthentication(MysqlIO.java:1663)
	at com.mysql.jdbc.MysqlIO.doHandshake(MysqlIO.java:1224)
	at com.mysql.jdbc.ConnectionImpl.coreConnect(ConnectionImpl.java:2199)
	at com.mysql.jdbc.ConnectionImpl.connectOneTryOnly(ConnectionImpl.java:2230)
	at com.mysql.jdbc.ConnectionImpl.createNewIO(ConnectionImpl.java:2025)
	at com.mysql.jdbc.ConnectionImpl.&lt;init&gt;(ConnectionImpl.java:778)
	at com.mysql.jdbc.JDBC4Connection.&lt;init&gt;(JDBC4Connection.java:47)
	at sun.reflect.NativeConstructorAccessorImpl.newInstance0(Native Method)
	at sun.reflect.NativeConstructorAccessorImpl.newInstance(NativeConstructorAccessorImpl.java:62)
	at sun.reflect.DelegatingConstructorAccessorImpl.newInstance(DelegatingConstructorAccessorImpl.java:45)
	at java.lang.reflect.Constructor.newInstance(Constructor.java:423)
	at com.mysql.jdbc.Util.handleNewInstance(Util.java:425)
	at com.mysql.jdbc.ConnectionImpl.getInstance(ConnectionImpl.java:386)
	at com.mysql.jdbc.NonRegisteringDriver.connect(NonRegisteringDriver.java:330)
	at com.mchange.v2.c3p0.DriverManagerDataSource.getConnection(DriverManagerDataSource.java:175)
	at com.mchange.v2.c3p0.WrapperConnectionPoolDataSource.getPooledConnection(WrapperConnectionPoolDataSource.java:220)
	at com.mchange.v2.c3p0.WrapperConnectionPoolDataSource.getPooledConnection(WrapperConnectionPoolDataSource.java:206)
	at com.mchange.v2.c3p0.impl.C3P0PooledConnectionPool$1PooledConnectionResourcePoolManager.acquireResource(C3P0PooledConnectionPool.java:203)
	at com.mchange.v2.resourcepool.BasicResourcePool.doAcquire(BasicResourcePool.java:1138)
	at com.mchange.v2.resourcepool.BasicResourcePool.doAcquireAndDecrementPendingAcquiresWithinLockOnSuccess(BasicResourcePool.java:1125)
	at com.mchange.v2.resourcepool.BasicResourcePool.access$700(BasicResourcePool.java:44)
	at com.mchange.v2.resourcepool.BasicResourcePool$ScatteredAcquireTask.run(BasicResourcePool.java:1870)
	at com.mchange.v2.async.ThreadPoolAsynchronousRunner$PoolThread.run(ThreadPoolAsynchronousRunner.java:696)
Caused by: javax.net.ssl.SSLHandshakeException: java.security.cert.CertificateException: java.security.cert.CertPathValidatorException: Path does not chain with any of the trust anchors
	at sun.security.ssl.Alert.createSSLException(Alert.java:131)
	at sun.security.ssl.TransportContext.fatal(TransportContext.java:370)
	at sun.security.ssl.TransportContext.fatal(TransportContext.java:313)
	at sun.security.ssl.TransportContext.fatal(TransportContext.java:308)
	at sun.security.ssl.CertificateMessage$T12CertificateConsumer.checkServerCerts(CertificateMessage.java:652)
	at sun.security.ssl.CertificateMessage$T12CertificateConsumer.onCertificate(CertificateMessage.java:471)
	at sun.security.ssl.CertificateMessage$T12CertificateConsumer.consume(CertificateMessage.java:367)
	at sun.security.ssl.SSLHandshake.consume(SSLHandshake.java:376)
	at sun.security.ssl.HandshakeContext.dispatch(HandshakeContext.java:479)
	at sun.security.ssl.HandshakeContext.dispatch(HandshakeContext.java:457)
	at sun.security.ssl.TransportContext.dispatch(TransportContext.java:200)
	at sun.security.ssl.SSLTransport.decode(SSLTransport.java:154)
	at sun.security.ssl.SSLSocketImpl.decode(SSLSocketImpl.java:1290)
	at sun.security.ssl.SSLSocketImpl.readHandshakeRecord(SSLSocketImpl.java:1199)
	at sun.security.ssl.SSLSocketImpl.startHandshake(SSLSocketImpl.java:401)
	at sun.security.ssl.SSLSocketImpl.startHandshake(SSLSocketImpl.java:373)
	at com.mysql.jdbc.ExportControlled.transformSocketToSSLSocket(ExportControlled.java:186)
	... 24 more
Caused by: java.security.cert.CertificateException: java.security.cert.CertPathValidatorException: Path does not chain with any of the trust anchors
	at com.mysql.jdbc.ExportControlled$X509TrustManagerWrapper.checkServerTrusted(ExportControlled.java:302)
	at sun.security.ssl.AbstractTrustManagerWrapper.checkServerTrusted(SSLContextImpl.java:1255)
	at sun.security.ssl.CertificateMessage$T12CertificateConsumer.checkServerCerts(CertificateMessage.java:636)
	... 36 more
Caused by: java.security.cert.CertPathValidatorException: Path does not chain with any of the trust anchors
	at sun.security.provider.certpath.PKIXCertPathValidator.validate(PKIXCertPathValidator.java:158)
	at sun.security.provider.certpath.PKIXCertPathValidator.engineValidate(PKIXCertPathValidator.java:84)
	at java.security.cert.CertPathValidator.validate(CertPathValidator.java:292)
	at com.mysql.jdbc.ExportControlled$X509TrustManagerWrapper.checkServerTrusted(ExportControlled.java:295)
	... 38 more

���� 23, 2021 9:04:03 ���� com.mchange.v2.resourcepool.BasicResourcePool 
����: com.mchange.v2.resourcepool.BasicResourcePool$ScatteredAcquireTask@434e83da -- Acquisition Attempt Failed!!! Clearing pending acquires. While trying to acquire a needed new resource, we failed to succeed more than the maximum number of allowed acquisition attempts (2). Last acquisition attempt exception: 
com.mysql.jdbc.exceptions.jdbc4.CommunicationsException: Communications link failure

The last packet successfully received from the server was 11 milliseconds ago.  The last packet sent successfully to the server was 11 milliseconds ago.
	at sun.reflect.GeneratedConstructorAccessor27.newInstance(Unknown Source)
	at sun.reflect.DelegatingConstructorAccessorImpl.newInstance(DelegatingConstructorAccessorImpl.java:45)
	at java.lang.reflect.Constructor.newInstance(Constructor.java:423)
	at com.mysql.jdbc.Util.handleNewInstance(Util.java:425)
	at com.mysql.jdbc.SQLError.createCommunicationsException(SQLError.java:990)
	at com.mysql.jdbc.ExportControlled.transformSocketToSSLSocket(ExportControlled.java:201)
	at com.mysql.jdbc.MysqlIO.negotiateSSLConnection(MysqlIO.java:4914)
	at com.mysql.jdbc.MysqlIO.proceedHandshakeWithPluggableAuthentication(MysqlIO.java:1663)
	at com.mysql.jdbc.MysqlIO.doHandshake(MysqlIO.java:1224)
	at com.mysql.jdbc.ConnectionImpl.coreConnect(ConnectionImpl.java:2199)
	at com.mysql.jdbc.ConnectionImpl.connectOneTryOnly(ConnectionImpl.java:2230)
	at com.mysql.jdbc.ConnectionImpl.createNewIO(ConnectionImpl.java:2025)
	at com.mysql.jdbc.ConnectionImpl.&lt;init&gt;(ConnectionImpl.java:778)
	at com.mysql.jdbc.JDBC4Connection.&lt;init&gt;(JDBC4Connection.java:47)
	at sun.reflect.NativeConstructorAccessorImpl.newInstance0(Native Method)
	at sun.reflect.NativeConstructorAccessorImpl.newInstance(NativeConstructorAccessorImpl.java:62)
	at sun.reflect.DelegatingConstructorAccessorImpl.newInstance(DelegatingConstructorAccessorImpl.java:45)
	at java.lang.reflect.Constructor.newInstance(Constructor.java:423)
	at com.mysql.jdbc.Util.handleNewInstance(Util.java:425)
	at com.mysql.jdbc.ConnectionImpl.getInstance(ConnectionImpl.java:386)
	at com.mysql.jdbc.NonRegisteringDriver.connect(NonRegisteringDriver.java:330)
	at com.mchange.v2.c3p0.DriverManagerDataSource.getConnection(DriverManagerDataSource.java:175)
	at com.mchange.v2.c3p0.WrapperConnectionPoolDataSource.getPooledConnection(WrapperConnectionPoolDataSource.java:220)
	at com.mchange.v2.c3p0.WrapperConnectionPoolDataSource.getPooledConnection(WrapperConnectionPoolDataSource.java:206)
	at com.mchange.v2.c3p0.impl.C3P0PooledConnectionPool$1PooledConnectionResourcePoolManager.acquireResource(C3P0PooledConnectionPool.java:203)
	at com.mchange.v2.resourcepool.BasicResourcePool.doAcquire(BasicResourcePool.java:1138)
	at com.mchange.v2.resourcepool.BasicResourcePool.doAcquireAndDecrementPendingAcquiresWithinLockOnSuccess(BasicResourcePool.java:1125)
	at com.mchange.v2.resourcepool.BasicResourcePool.access$700(BasicResourcePool.java:44)
	at com.mchange.v2.resourcepool.BasicResourcePool$ScatteredAcquireTask.run(BasicResourcePool.java:1870)
	at com.mchange.v2.async.ThreadPoolAsynchronousRunner$PoolThread.run(ThreadPoolAsynchronousRunner.java:696)
Caused by: javax.net.ssl.SSLHandshakeException: java.security.cert.CertificateException: java.security.cert.CertPathValidatorException: Path does not chain with any of the trust anchors
	at sun.security.ssl.Alert.createSSLException(Alert.java:131)
	at sun.security.ssl.TransportContext.fatal(TransportContext.java:370)
	at sun.security.ssl.TransportContext.fatal(TransportContext.java:313)
	at sun.security.ssl.TransportContext.fatal(TransportContext.java:308)
	at sun.security.ssl.CertificateMessage$T12CertificateConsumer.checkServerCerts(CertificateMessage.java:652)
	at sun.security.ssl.CertificateMessage$T12CertificateConsumer.onCertificate(CertificateMessage.java:471)
	at sun.security.ssl.CertificateMessage$T12CertificateConsumer.consume(CertificateMessage.java:367)
	at sun.security.ssl.SSLHandshake.consume(SSLHandshake.java:376)
	at sun.security.ssl.HandshakeContext.dispatch(HandshakeContext.java:479)
	at sun.security.ssl.HandshakeContext.dispatch(HandshakeContext.java:457)
	at sun.security.ssl.TransportContext.dispatch(TransportContext.java:200)
	at sun.security.ssl.SSLTransport.decode(SSLTransport.java:154)
	at sun.security.ssl.SSLSocketImpl.decode(SSLSocketImpl.java:1290)
	at sun.security.ssl.SSLSocketImpl.readHandshakeRecord(SSLSocketImpl.java:1199)
	at sun.security.ssl.SSLSocketImpl.startHandshake(SSLSocketImpl.java:401)
	at sun.security.ssl.SSLSocketImpl.startHandshake(SSLSocketImpl.java:373)
	at com.mysql.jdbc.ExportControlled.transformSocketToSSLSocket(ExportControlled.java:186)
	... 24 more
Caused by: java.security.cert.CertificateException: java.security.cert.CertPathValidatorException: Path does not chain with any of the trust anchors
	at com.mysql.jdbc.ExportControlled$X509TrustManagerWrapper.checkServerTrusted(ExportControlled.java:302)
	at sun.security.ssl.AbstractTrustManagerWrapper.checkServerTrusted(SSLContextImpl.java:1255)
	at sun.security.ssl.CertificateMessage$T12CertificateConsumer.checkServerCerts(CertificateMessage.java:636)
	... 36 more
Caused by: java.security.cert.CertPathValidatorException: Path does not chain with any of the trust anchors
	at sun.security.provider.certpath.PKIXCertPathValidator.validate(PKIXCertPathValidator.java:158)
	at sun.security.provider.certpath.PKIXCertPathValidator.engineValidate(PKIXCertPathValidator.java:84)
	at java.security.cert.CertPathValidator.validate(CertPathValidator.java:292)
	at com.mysql.jdbc.ExportControlled$X509TrustManagerWrapper.checkServerTrusted(ExportControlled.java:295)
	... 38 more

���� 23, 2021 9:04:03 ���� com.mchange.v2.resourcepool.BasicResourcePool 
����: com.mchange.v2.resourcepool.BasicResourcePool$ScatteredAcquireTask@4c37593c -- Acquisition Attempt Failed!!! Clearing pending acquires. While trying to acquire a needed new resource, we failed to succeed more than the maximum number of allowed acquisition attempts (2). Last acquisition attempt exception: 
com.mysql.jdbc.exceptions.jdbc4.CommunicationsException: Communications link failure

The last packet successfully received from the server was 11 milliseconds ago.  The last packet sent successfully to the server was 11 milliseconds ago.
	at sun.reflect.GeneratedConstructorAccessor27.newInstance(Unknown Source)
	at sun.reflect.DelegatingConstructorAccessorImpl.newInstance(DelegatingConstructorAccessorImpl.java:45)
	at java.lang.reflect.Constructor.newInstance(Constructor.java:423)
	at com.mysql.jdbc.Util.handleNewInstance(Util.java:425)
	at com.mysql.jdbc.SQLError.createCommunicationsException(SQLError.java:990)
	at com.mysql.jdbc.ExportControlled.transformSocketToSSLSocket(ExportControlled.java:201)
	at com.mysql.jdbc.MysqlIO.negotiateSSLConnection(MysqlIO.java:4914)
	at com.mysql.jdbc.MysqlIO.proceedHandshakeWithPluggableAuthentication(MysqlIO.java:1663)
	at com.mysql.jdbc.MysqlIO.doHandshake(MysqlIO.java:1224)
	at com.mysql.jdbc.ConnectionImpl.coreConnect(ConnectionImpl.java:2199)
	at com.mysql.jdbc.ConnectionImpl.connectOneTryOnly(ConnectionImpl.java:2230)
	at com.mysql.jdbc.ConnectionImpl.createNewIO(ConnectionImpl.java:2025)
	at com.mysql.jdbc.ConnectionImpl.&lt;init&gt;(ConnectionImpl.java:778)
	at com.mysql.jdbc.JDBC4Connection.&lt;init&gt;(JDBC4Connection.java:47)
	at sun.reflect.NativeConstructorAccessorImpl.newInstance0(Native Method)
	at sun.reflect.NativeConstructorAccessorImpl.newInstance(NativeConstructorAccessorImpl.java:62)
	at sun.reflect.DelegatingConstructorAccessorImpl.newInstance(DelegatingConstructorAccessorImpl.java:45)
	at java.lang.reflect.Constructor.newInstance(Constructor.java:423)
	at com.mysql.jdbc.Util.handleNewInstance(Util.java:425)
	at com.mysql.jdbc.ConnectionImpl.getInstance(ConnectionImpl.java:386)
	at com.mysql.jdbc.NonRegisteringDriver.connect(NonRegisteringDriver.java:330)
	at com.mchange.v2.c3p0.DriverManagerDataSource.getConnection(DriverManagerDataSource.java:175)
	at com.mchange.v2.c3p0.WrapperConnectionPoolDataSource.getPooledConnection(WrapperConnectionPoolDataSource.java:220)
	at com.mchange.v2.c3p0.WrapperConnectionPoolDataSource.getPooledConnection(WrapperConnectionPoolDataSource.java:206)
	at com.mchange.v2.c3p0.impl.C3P0PooledConnectionPool$1PooledConnectionResourcePoolManager.acquireResource(C3P0PooledConnectionPool.java:203)
	at com.mchange.v2.resourcepool.BasicResourcePool.doAcquire(BasicResourcePool.java:1138)
	at com.mchange.v2.resourcepool.BasicResourcePool.doAcquireAndDecrementPendingAcquiresWithinLockOnSuccess(BasicResourcePool.java:1125)
	at com.mchange.v2.resourcepool.BasicResourcePool.access$700(BasicResourcePool.java:44)
	at com.mchange.v2.resourcepool.BasicResourcePool$ScatteredAcquireTask.run(BasicResourcePool.java:1870)
	at com.mchange.v2.async.ThreadPoolAsynchronousRunner$PoolThread.run(ThreadPoolAsynchronousRunner.java:696)
Caused by: javax.net.ssl.SSLHandshakeException: java.security.cert.CertificateException: java.security.cert.CertPathValidatorException: Path does not chain with any of the trust anchors
	at sun.security.ssl.Alert.createSSLException(Alert.java:131)
	at sun.security.ssl.TransportContext.fatal(TransportContext.java:370)
	at sun.security.ssl.TransportContext.fatal(TransportContext.java:313)
	at sun.security.ssl.TransportContext.fatal(TransportContext.java:308)
	at sun.security.ssl.CertificateMessage$T12CertificateConsumer.checkServerCerts(CertificateMessage.java:652)
	at sun.security.ssl.CertificateMessage$T12CertificateConsumer.onCertificate(CertificateMessage.java:471)
	at sun.security.ssl.CertificateMessage$T12CertificateConsumer.consume(CertificateMessage.java:367)
	at sun.security.ssl.SSLHandshake.consume(SSLHandshake.java:376)
	at sun.security.ssl.HandshakeContext.dispatch(HandshakeContext.java:479)
	at sun.security.ssl.HandshakeContext.dispatch(HandshakeContext.java:457)
	at sun.security.ssl.TransportContext.dispatch(TransportContext.java:200)
	at sun.security.ssl.SSLTransport.decode(SSLTransport.java:154)
	at sun.security.ssl.SSLSocketImpl.decode(SSLSocketImpl.java:1290)
	at sun.security.ssl.SSLSocketImpl.readHandshakeRecord(SSLSocketImpl.java:1199)
	at sun.security.ssl.SSLSocketImpl.startHandshake(SSLSocketImpl.java:401)
	at sun.security.ssl.SSLSocketImpl.startHandshake(SSLSocketImpl.java:373)
	at com.mysql.jdbc.ExportControlled.transformSocketToSSLSocket(ExportControlled.java:186)
	... 24 more
Caused by: java.security.cert.CertificateException: java.security.cert.CertPathValidatorException: Path does not chain with any of the trust anchors
	at com.mysql.jdbc.ExportControlled$X509TrustManagerWrapper.checkServerTrusted(ExportControlled.java:302)
	at sun.security.ssl.AbstractTrustManagerWrapper.checkServerTrusted(SSLContextImpl.java:1255)
	at sun.security.ssl.CertificateMessage$T12CertificateConsumer.checkServerCerts(CertificateMessage.java:636)
	... 36 more
Caused by: java.security.cert.CertPathValidatorException: Path does not chain with any of the trust anchors
	at sun.security.provider.certpath.PKIXCertPathValidator.validate(PKIXCertPathValidator.java:158)
	at sun.security.provider.certpath.PKIXCertPathValidator.engineValidate(PKIXCertPathValidator.java:84)
	at java.security.cert.CertPathValidator.validate(CertPathValidator.java:292)
	at com.mysql.jdbc.ExportControlled$X509TrustManagerWrapper.checkServerTrusted(ExportControlled.java:295)
	... 38 more

���� 23, 2021 9:04:03 ���� com.mchange.v2.resourcepool.BasicResourcePool 
����: Having failed to acquire a resource, com.mchange.v2.resourcepool.BasicResourcePool@28ec166e is interrupting all Threads waiting on a resource to check out. Will try again in response to new client requests.
���� 23, 2021 9:04:03 ���� com.mchange.v2.resourcepool.BasicResourcePool 
����: Having failed to acquire a resource, com.mchange.v2.resourcepool.BasicResourcePool@28ec166e is interrupting all Threads waiting on a resource to check out. Will try again in response to new client requests.
���� 23, 2021 9:04:03 ���� com.mchange.v2.resourcepool.BasicResourcePool 
����: Having failed to acquire a resource, com.mchange.v2.resourcepool.BasicResourcePool@28ec166e is interrupting all Threads waiting on a resource to check out. Will try again in response to new client requests.
</system-err>
  </testcase>
</testsuite>